S1_50 1 10646 24512417 19640477 80.1246037875
S1_50 2 6855 14911757 10810148 72.4941266143
S1_50 3 8219 18405106 14347928 77.9562367095
S1_50 4 6384 14631934 11287920 77.1457826423
S1_50 5 9288 21297814 16743305 78.6151339288
S1_50 chloroplast 133 110336 104855 95.0324463457
S1_50 mitochondria 146 104921 67978 64.7896989163
S1_400 1 10646 24512417 19608176 79.9928297564
S1_400 2 6855 14911757 10703203 71.7769408394
S1_400 3 8219 18405106 14014504 76.1446524676
S1_400 4 6384 14631934 11238360 76.807071437
S1_400 5 9288 21297814 16673847 78.2890065619
S1_400 chloroplast 133 110336 94691 85.8205843968
S1_400 mitochondria 146 104921 62748 59.80499614
S1_200 1 10646 24512417 19820170 80.8576730724
S1_200 2 6855 14911757 10736202 71.9982360228
S1_200 3 8219 18405106 14116067 76.6964721638
S1_200 4 6384 14631934 11084048 75.752446669
S1_200 5 9288 21297814 16672795 78.2840670878
S1_200 chloroplast 133 110336 101281 91.79324971
S1_200 mitochondria 146 104921 82028 78.1807264513
P2_200 1 10646 24512417 19532858 79.685565075
P2_200 2 6855 14911757 10730953 71.9630356101
P2_200 3 8219 18405106 14128399 76.7634753095
P2_200 4 6384 14631934 11138753 76.1263206901
P2_200 5 9288 21297814 16658069 78.2149238415
P2_200 chloroplast 133 110336 73291 66.4252827726
P2_200 mitochondria 146 104921 46977 44.7736868692
S2_50 1 10646 24512417 18983235 77.4433422865
S2_50 2 6855 14911757 10352068 69.4221881432
S2_50 3 8219 18405106 13631492 74.0636429912
S2_50 4 6384 14631934 10852475 74.1697919086
S2_50 5 9288 21297814 16299738 76.532446006
S2_50 chloroplast 133 110336 102796 93.1663283063
S2_50 mitochondria 146 104921 62188 59.2712612346
S1_0 1 10646 24512417 19682786 80.2972061058
S1_0 2 6855 14911757 10742679 72.0416715482
S1_0 3 8219 18405106 14311013 77.7556673675
S1_0 4 6384 14631934 11142584 76.1525031483
S1_0 5 9288 21297814 16602063 77.9519578864
S1_0 chloroplast 133 110336 88816 80.4959396752
S1_0 mitochondria 146 104921 55386 52.7882883312
P1_200 1 10646 24512417 19573069 79.8496084658
P1_200 2 6855 14911757 10724502 71.9197744437
P1_200 3 8219 18405106 14384750 78.156300757
P1_200 4 6384 14631934 11231274 76.7586431158
P1_200 5 9288 21297814 16655033 78.2006688574
P1_200 chloroplast 133 110336 85418 77.4162558005
P1_200 mitochondria 146 104921 48414 46.1432887601
P1_50 1 10646 24512417 19505075 79.5722225189
P1_50 2 6855 14911757 10672046 71.5679983251
P1_50 3 8219 18405106 14101768 76.6187817663
P1_50 4 6384 14631934 11128234 76.0544299885
P1_50 5 9288 21297814 16604738 77.9645178608
P1_50 chloroplast 133 110336 93344 84.5997679814
P1_50 mitochondria 146 104921 55315 52.72061837
P1_0 1 10646 24512417 19338382 78.8921875799
P1_0 2 6855 14911757 10641769 71.3649571945
P1_0 3 8219 18405106 14053045 76.3540563146
P1_0 4 6384 14631934 11401235 77.9202188856
P1_0 5 9288 21297814 16439265 77.1875695787
P1_0 chloroplast 133 110336 77002 69.7886455916
P1_0 mitochondria 146 104921 49528 47.2050399825
P2_400 1 10646 24512417 19419584 79.2234564221
P2_400 2 6855 14911757 10672741 71.572659077
P2_400 3 8219 18405106 14068059 76.4356315036
P2_400 4 6384 14631934 11179003 76.4014039429
P2_400 5 9288 21297814 16492376 77.4369425895
P2_400 chloroplast 133 110336 101987 92.4331133991
P2_400 mitochondria 146 104921 58727 55.9725889002
P1_400 1 10646 24512417 19519972 79.6329957996
P1_400 2 6855 14911757 10774190 72.2529880282
P1_400 3 8219 18405106 14201975 77.1632339417
P1_400 4 6384 14631934 11198158 76.5323162338
P1_400 5 9288 21297814 16685739 78.3448432783
P1_400 chloroplast 133 110336 105105 95.2590269722
P1_400 mitochondria 146 104921 68974 65.7389845693
P2_0 1 10646 24512417 19537480 79.7044208248
P2_0 2 6855 14911757 10659433 71.4834140605
P2_0 3 8219 18405106 14231697 77.3247217375
P2_0 4 6384 14631934 11199426 76.5409822106
P2_0 5 9288 21297814 16528522 77.6066595379
P2_0 chloroplast 133 110336 100804 91.3609338747
P2_0 mitochondria 146 104921 60064 57.2468809866
P2_50 1 10646 24512417 19655231 80.1847936905
P2_50 2 6855 14911757 10770198 72.2262172057
P2_50 3 8219 18405106 14223500 77.2801851834
P2_50 4 6384 14631934 11312378 77.3129375789
P2_50 5 9288 21297814 16603157 77.9570945638
P2_50 chloroplast 133 110336 107162 97.1233323666
P2_50 mitochondria 146 104921 65921 62.8291762374
S2_400 1 10646 24512417 19312985 78.788578866
S2_400 2 6855 14911757 10585929 70.990487573
S2_400 3 8219 18405106 14127935 76.76095427
S2_400 4 6384 14631934 10881164 74.36586305
S2_400 5 9288 21297814 16386986 76.9421030722
S2_400 chloroplast 133 110336 96677 87.6205408933
S2_400 mitochondria 146 104921 65923 62.8310824334
S2_0 1 10646 24512417 18911521 77.1507803576
S2_0 2 6855 14911757 10350237 69.4099092414
S2_0 3 8219 18405106 13782165 74.8822908165
S2_0 4 6384 14631934 10745759 73.44045565
S2_0 5 9288 21297814 16157295 75.8636308872
S2_0 chloroplast 133 110336 98214 89.0135585847
S2_0 mitochondria 146 104921 63317 60.3473089277
S2_200 1 10646 24512417 18977782 77.4210964182
S2_200 2 6855 14911757 10505752 70.452811161
S2_200 3 8219 18405106 13667731 74.2605394394
S2_200 4 6384 14631934 10784375 73.7043715479
S2_200 5 9288 21297814 16148759 75.8235516565
S2_200 chloroplast 133 110336 88065 79.8152914733
S2_200 mitochondria 146 104921 60804 57.9521735401
